2024-09-14 14:36:41,122 [INFO] Activator:177 - 


2024-09-14 14:36:41,122 [INFO] Activator:178 - !SESSION log4j initialized
2024-09-14 14:37:16,925 [INFO] McuFinderGlobals:39 - Set McuFinder mode to 2 (CubeIDE integrated)
2024-09-14 14:37:17,261 [INFO] ApplicationProperties:181 - Using Application install path: C:\ST\STM32CubeIDE_1.7.0\STM32CubeIDE\plugins\com.st.stm32cube.common.mx_6.3.0.202107141111
2024-09-14 14:37:17,261 [INFO] DbMcusXml:74 - Set database path to: C:\ST\STM32CubeIDE_1.7.0\STM32CubeIDE\plugins\com.st.stm32cube.common.mx_6.3.0.202107141111\\db\/mcu/
2024-09-14 14:37:17,277 [INFO] DbBoardsPdsc:56 - Set plugin database path to: C:\ST\STM32CubeIDE_1.7.0\STM32CubeIDE\plugins\com.st.stm32cube.common.mx_6.3.0.202107141111\\db\/plugins/boardmanager/
2024-09-14 14:37:17,277 [INFO] DbMcus:258 - Set plugin images path to: C:\ST\STM32CubeIDE_1.7.0\STM32CubeIDE\plugins\com.st.stm32cube.common.mx_6.3.0.202107141111\\db\/plugins/mcufinder/images/
2024-09-14 14:37:17,277 [INFO] DbBoards:264 - Set plugin images path to: C:\ST\STM32CubeIDE_1.7.0\STM32CubeIDE\plugins\com.st.stm32cube.common.mx_6.3.0.202107141111\\db\/plugins/mcufinder/images/
2024-09-14 14:37:17,277 [INFO] DbExamples:333 - Set plugin images path to: C:\ST\STM32CubeIDE_1.7.0\STM32CubeIDE\plugins\com.st.stm32cube.common.mx_6.3.0.202107141111\\db\/plugins/mcufinder/images/
2024-09-14 14:37:17,277 [INFO] DbMcusAds:119 - Set database path to: C:\Users\xjkpr\.stmcufinder\plugins\mcufinder//mcu/
2024-09-14 14:37:17,277 [INFO] DbMcusDocs:110 - Set database path to: C:\Users\xjkpr\.stmcufinder\plugins\mcufinder//mcu/
2024-09-14 14:37:17,277 [INFO] DbMcusJson:64 - Set database path to: C:\Users\xjkpr\.stmcufinder\plugins\mcufinder//mcu/
2024-09-14 14:37:17,277 [INFO] DbBoardsDocs:110 - Set database path to: C:\Users\xjkpr\.stmcufinder\plugins\mcufinder//mcu/
2024-09-14 14:37:17,292 [INFO] DbBoardsJson:57 - Set database path to: C:\Users\xjkpr\.stmcufinder\plugins\mcufinder//mcu/
2024-09-14 14:37:17,356 [INFO] CrossReferenceDbSqlite:196 - Set database path to: C:\Users\xjkpr\.stmcufinder\plugins\mcufinder//mcu/cs/
2024-09-14 14:37:17,371 [INFO] DbExamplesSqlite:767 - Set database path to: C:\Users\xjkpr\.stmcufinder\plugins\mcufinder//mcu/
2024-09-14 14:37:17,495 [INFO] RulesReader:57 - Compatibility file has been processed (242 Rules)
2024-09-14 14:37:17,577 [INFO] DbMcusXml:74 - Set database path to: C:\ST\STM32CubeIDE_1.7.0\STM32CubeIDE\plugins\com.st.stm32cube.common.mx_6.3.0.202107141111\\db\/mcu/
2024-09-14 14:37:17,577 [INFO] DbBoardsPdsc:56 - Set plugin database path to: C:\ST\STM32CubeIDE_1.7.0\STM32CubeIDE\plugins\com.st.stm32cube.common.mx_6.3.0.202107141111\\db\/plugins/boardmanager/
2024-09-14 14:37:17,577 [INFO] DbMcus:258 - Set plugin images path to: C:\ST\STM32CubeIDE_1.7.0\STM32CubeIDE\plugins\com.st.stm32cube.common.mx_6.3.0.202107141111\\db\/plugins/mcufinder/images/
2024-09-14 14:37:17,577 [INFO] DbBoards:264 - Set plugin images path to: C:\ST\STM32CubeIDE_1.7.0\STM32CubeIDE\plugins\com.st.stm32cube.common.mx_6.3.0.202107141111\\db\/plugins/mcufinder/images/
2024-09-14 14:37:17,577 [INFO] DbExamples:333 - Set plugin images path to: C:\ST\STM32CubeIDE_1.7.0\STM32CubeIDE\plugins\com.st.stm32cube.common.mx_6.3.0.202107141111\\db\/plugins/mcufinder/images/
2024-09-14 14:37:17,577 [WARN] DbFile:35 - Overriding database path with different value: C:\Users\xjkpr\.stmcufinder\plugins\mcufinder/ => C:\Users\xjkpr\.stmcufinder\plugins\mcufinder
2024-09-14 14:37:17,577 [INFO] DbMcusAds:119 - Set database path to: C:\Users\xjkpr\.stmcufinder\plugins\mcufinder//mcu/
2024-09-14 14:37:17,577 [WARN] DbFile:35 - Overriding database path with different value: C:\Users\xjkpr\.stmcufinder\plugins\mcufinder/ => C:\Users\xjkpr\.stmcufinder\plugins\mcufinder
2024-09-14 14:37:17,577 [INFO] DbMcusDocs:110 - Set database path to: C:\Users\xjkpr\.stmcufinder\plugins\mcufinder//mcu/
2024-09-14 14:37:17,577 [WARN] DbFile:35 - Overriding database path with different value: C:\Users\xjkpr\.stmcufinder\plugins\mcufinder/ => C:\Users\xjkpr\.stmcufinder\plugins\mcufinder
2024-09-14 14:37:17,577 [INFO] DbMcusJson:64 - Set database path to: C:\Users\xjkpr\.stmcufinder\plugins\mcufinder//mcu/
2024-09-14 14:37:17,577 [WARN] DbFile:35 - Overriding database path with different value: C:\Users\xjkpr\.stmcufinder\plugins\mcufinder/ => C:\Users\xjkpr\.stmcufinder\plugins\mcufinder
2024-09-14 14:37:17,577 [INFO] DbBoardsDocs:110 - Set database path to: C:\Users\xjkpr\.stmcufinder\plugins\mcufinder//mcu/
2024-09-14 14:37:17,577 [WARN] DbFile:35 - Overriding database path with different value: C:\Users\xjkpr\.stmcufinder\plugins\mcufinder/ => C:\Users\xjkpr\.stmcufinder\plugins\mcufinder
2024-09-14 14:37:17,577 [INFO] DbBoardsJson:57 - Set database path to: C:\Users\xjkpr\.stmcufinder\plugins\mcufinder//mcu/
2024-09-14 14:37:17,577 [WARN] DbFile:35 - Overriding database path with different value: C:\Users\xjkpr\.stmcufinder\plugins\mcufinder/ => C:\Users\xjkpr\.stmcufinder\plugins\mcufinder
2024-09-14 14:37:17,577 [WARN] DbFile:35 - Overriding database path with different value: C:\Users\xjkpr\.stmcufinder\plugins\mcufinder/ => C:\Users\xjkpr\.stmcufinder\plugins\mcufinder
2024-09-14 14:37:17,577 [INFO] CrossReferenceDbSqlite:196 - Set database path to: C:\Users\xjkpr\.stmcufinder\plugins\mcufinder//mcu/cs/
2024-09-14 14:37:17,577 [WARN] DbFile:35 - Overriding database path with different value: C:\Users\xjkpr\.stmcufinder\plugins\mcufinder/ => C:\Users\xjkpr\.stmcufinder\plugins\mcufinder
2024-09-14 14:37:17,577 [INFO] DbExamplesSqlite:767 - Set database path to: C:\Users\xjkpr\.stmcufinder\plugins\mcufinder//mcu/
2024-09-14 14:37:17,655 [INFO] MainPanel:214 - HeapMemory: 268435456
2024-09-14 14:37:17,750 [INFO] DbMcusXml:74 - Set database path to: C:\ST\STM32CubeIDE_1.7.0\STM32CubeIDE\plugins\com.st.stm32cube.common.mx_6.3.0.202107141111\\db\/mcu/
2024-09-14 14:37:17,750 [INFO] DbBoardsPdsc:56 - Set plugin database path to: C:\ST\STM32CubeIDE_1.7.0\STM32CubeIDE\plugins\com.st.stm32cube.common.mx_6.3.0.202107141111\\db\/plugins/boardmanager/
2024-09-14 14:37:17,750 [INFO] DbMcus:258 - Set plugin images path to: C:\ST\STM32CubeIDE_1.7.0\STM32CubeIDE\plugins\com.st.stm32cube.common.mx_6.3.0.202107141111\\db\/plugins/mcufinder/images/
2024-09-14 14:37:17,750 [INFO] DbBoards:264 - Set plugin images path to: C:\ST\STM32CubeIDE_1.7.0\STM32CubeIDE\plugins\com.st.stm32cube.common.mx_6.3.0.202107141111\\db\/plugins/mcufinder/images/
2024-09-14 14:37:17,750 [INFO] DbExamples:333 - Set plugin images path to: C:\ST\STM32CubeIDE_1.7.0\STM32CubeIDE\plugins\com.st.stm32cube.common.mx_6.3.0.202107141111\\db\/plugins/mcufinder/images/
2024-09-14 14:37:17,751 [WARN] DbFile:35 - Overriding database path with different value: C:\Users\xjkpr\.stmcufinder\plugins\mcufinder/ => C:\Users\xjkpr\.stmcufinder\plugins\mcufinder
2024-09-14 14:37:17,751 [INFO] DbMcusAds:119 - Set database path to: C:\Users\xjkpr\.stmcufinder\plugins\mcufinder//mcu/
2024-09-14 14:37:17,751 [WARN] DbFile:35 - Overriding database path with different value: C:\Users\xjkpr\.stmcufinder\plugins\mcufinder/ => C:\Users\xjkpr\.stmcufinder\plugins\mcufinder
2024-09-14 14:37:17,751 [INFO] DbMcusDocs:110 - Set database path to: C:\Users\xjkpr\.stmcufinder\plugins\mcufinder//mcu/
2024-09-14 14:37:17,751 [WARN] DbFile:35 - Overriding database path with different value: C:\Users\xjkpr\.stmcufinder\plugins\mcufinder/ => C:\Users\xjkpr\.stmcufinder\plugins\mcufinder
2024-09-14 14:37:17,751 [INFO] DbMcusJson:64 - Set database path to: C:\Users\xjkpr\.stmcufinder\plugins\mcufinder//mcu/
2024-09-14 14:37:17,751 [WARN] DbFile:35 - Overriding database path with different value: C:\Users\xjkpr\.stmcufinder\plugins\mcufinder/ => C:\Users\xjkpr\.stmcufinder\plugins\mcufinder
2024-09-14 14:37:17,751 [INFO] DbBoardsDocs:110 - Set database path to: C:\Users\xjkpr\.stmcufinder\plugins\mcufinder//mcu/
2024-09-14 14:37:17,751 [WARN] DbFile:35 - Overriding database path with different value: C:\Users\xjkpr\.stmcufinder\plugins\mcufinder/ => C:\Users\xjkpr\.stmcufinder\plugins\mcufinder
2024-09-14 14:37:17,751 [INFO] DbBoardsJson:57 - Set database path to: C:\Users\xjkpr\.stmcufinder\plugins\mcufinder//mcu/
2024-09-14 14:37:17,751 [WARN] DbFile:35 - Overriding database path with different value: C:\Users\xjkpr\.stmcufinder\plugins\mcufinder/ => C:\Users\xjkpr\.stmcufinder\plugins\mcufinder
2024-09-14 14:37:17,751 [WARN] DbFile:35 - Overriding database path with different value: C:\Users\xjkpr\.stmcufinder\plugins\mcufinder/ => C:\Users\xjkpr\.stmcufinder\plugins\mcufinder
2024-09-14 14:37:17,751 [INFO] CrossReferenceDbSqlite:196 - Set database path to: C:\Users\xjkpr\.stmcufinder\plugins\mcufinder//mcu/cs/
2024-09-14 14:37:17,751 [WARN] DbFile:35 - Overriding database path with different value: C:\Users\xjkpr\.stmcufinder\plugins\mcufinder/ => C:\Users\xjkpr\.stmcufinder\plugins\mcufinder
2024-09-14 14:37:17,751 [INFO] DbExamplesSqlite:767 - Set database path to: C:\Users\xjkpr\.stmcufinder\plugins\mcufinder//mcu/
2024-09-14 14:37:17,766 [INFO] ApplicationProperties:181 - Using Application install path: C:\ST\STM32CubeIDE_1.7.0\STM32CubeIDE\plugins\com.st.stm32cube.common.mx_6.3.0.202107141111
2024-09-14 14:37:17,766 [INFO] PluginManage:188 - Search for loadable plugins [exclusion list=, ]
2024-09-14 14:37:17,766 [INFO] PluginManage:302 - Check plugin analytics
2024-09-14 14:37:17,896 [INFO] AnalyticsPlugin:257 - Accepted Software Licenses: 
2024-09-14 14:37:17,896 [INFO] AnalyticsPlugin:259 - Accepted CMSIS Pack Licenses: 
2024-09-14 14:37:17,896 [INFO] AnalyticsPlugin:261 - Accepted Firmware Licenses: 
2024-09-14 14:37:17,896 [INFO] PluginManage:352 - Loaded plugin analytics (category:tool,tabindex:-1)
2024-09-14 14:37:17,896 [INFO] PluginManage:302 - Check plugin clock
2024-09-14 14:37:17,907 [INFO] PluginManage:352 - Loaded plugin clock (category:base,tabindex:2)
2024-09-14 14:37:17,907 [INFO] PluginManage:302 - Check plugin ddr
2024-09-14 14:37:17,923 [INFO] PluginManage:352 - Loaded plugin ddr (category:tool,tabindex:6)
2024-09-14 14:37:17,923 [INFO] PluginManage:302 - Check plugin filemanager
2024-09-14 14:37:18,049 [INFO] PluginManage:352 - Loaded plugin filemanager (category:base,tabindex:10)
2024-09-14 14:37:18,049 [INFO] PluginManage:302 - Check plugin ipmanager
2024-09-14 14:37:18,066 [INFO] PluginManage:352 - Loaded plugin ipmanager (category:base,tabindex:5)
2024-09-14 14:37:18,066 [INFO] PluginManage:302 - Check plugin pinoutandconfiguration
2024-09-14 14:37:18,066 [INFO] PluginManage:352 - Loaded plugin pinoutandconfiguration (category:base,tabindex:1)
2024-09-14 14:37:18,066 [INFO] PluginManage:302 - Check plugin pinoutconfig
2024-09-14 14:37:18,096 [INFO] PluginManage:352 - Loaded plugin pinoutconfig (category:base,tabindex:0)
2024-09-14 14:37:18,096 [INFO] PluginManage:302 - Check plugin power
2024-09-14 14:37:18,112 [INFO] PluginManage:352 - Loaded plugin power (category:power,tabindex:4)
2024-09-14 14:37:18,112 [INFO] PluginManage:302 - Check plugin projectmanager
2024-09-14 14:37:18,127 [INFO] PluginManage:352 - Loaded plugin projectmanager (category:projectmanager,tabindex:3)
2024-09-14 14:37:18,127 [INFO] PluginManage:302 - Check plugin thirdparty
2024-09-14 14:37:18,296 [WARN] IntegrityCheckThread:78 - waiting for thirdparty lock release [integrity check]
2024-09-14 14:37:18,296 [INFO] PluginManage:352 - Loaded plugin thirdparty (category:base,tabindex:-1)
2024-09-14 14:37:18,296 [INFO] IntegrityCheckThread:80 - entering critical section [integrity check]
2024-09-14 14:37:18,296 [INFO] PluginManage:302 - Check plugin tools
2024-09-14 14:37:18,296 [INFO] ThirdPartyUpdaterWithRetryManager:66 - Updater plugin not ready yet. [1/15]
2024-09-14 14:37:18,301 [INFO] PluginManage:352 - Loaded plugin tools (category:base,tabindex:7)
2024-09-14 14:37:18,301 [INFO] PluginManage:302 - Check plugin tutovideos
2024-09-14 14:37:18,537 [INFO] PluginManage:352 - Loaded plugin tutovideos (category:base,tabindex:-1)
2024-09-14 14:37:18,537 [INFO] PluginManage:302 - Check plugin updater
2024-09-14 14:37:18,537 [INFO] PluginManage:352 - Loaded plugin updater (category:base,tabindex:12)
2024-09-14 14:37:18,553 [INFO] PluginManage:275 - PluginManage : Loaded plugins [13]
2024-09-14 14:37:18,727 [INFO] PinOutPanel:1463 - setPackage(No Configuration,No Configuration)
2024-09-14 14:37:18,806 [INFO] IPUIPlugin:74 - create IPUIPlugin
2024-09-14 14:37:18,806 [INFO] PluginManager:213 - loadIPPluginJar : add adc
2024-09-14 14:37:18,806 [INFO] IPUIPlugin:74 - create IPUIPlugin
2024-09-14 14:37:18,806 [INFO] PluginManager:213 - loadIPPluginJar : add aes
2024-09-14 14:37:18,821 [INFO] IPUIPlugin:74 - create IPUIPlugin
2024-09-14 14:37:18,821 [INFO] PluginManager:213 - loadIPPluginJar : add can
2024-09-14 14:37:18,821 [INFO] IPUIPlugin:74 - create IPUIPlugin
2024-09-14 14:37:18,821 [INFO] PluginManager:213 - loadIPPluginJar : add comp
2024-09-14 14:37:18,821 [INFO] IPUIPlugin:74 - create IPUIPlugin
2024-09-14 14:37:18,821 [INFO] PluginManager:213 - loadIPPluginJar : add cryp
2024-09-14 14:37:18,821 [INFO] IPUIPlugin:74 - create IPUIPlugin
2024-09-14 14:37:18,821 [INFO] PluginManager:213 - loadIPPluginJar : add dfsdm
2024-09-14 14:37:18,821 [INFO] IPUIPlugin:74 - create IPUIPlugin
2024-09-14 14:37:18,821 [INFO] PluginManager:213 - loadIPPluginJar : add dma
2024-09-14 14:37:18,821 [INFO] IPUIPlugin:74 - create IPUIPlugin
2024-09-14 14:37:18,837 [INFO] PluginManager:213 - loadIPPluginJar : add dma3
2024-09-14 14:37:18,838 [INFO] IPUIPlugin:74 - create IPUIPlugin
2024-09-14 14:37:18,838 [INFO] PluginManager:213 - loadIPPluginJar : add fatfs
2024-09-14 14:37:18,838 [INFO] IPUIPlugin:74 - create IPUIPlugin
2024-09-14 14:37:18,838 [INFO] PluginManager:213 - loadIPPluginJar : add fmc
2024-09-14 14:37:18,838 [INFO] IPUIPlugin:74 - create IPUIPlugin
2024-09-14 14:37:18,838 [INFO] PluginManager:213 - loadIPPluginJar : add freertos
2024-09-14 14:37:18,838 [INFO] IPUIPlugin:74 - create IPUIPlugin
2024-09-14 14:37:18,838 [INFO] PluginManager:213 - loadIPPluginJar : add genericplugin
2024-09-14 14:37:18,838 [INFO] IPUIPlugin:74 - create IPUIPlugin
2024-09-14 14:37:18,838 [INFO] PluginManager:213 - loadIPPluginJar : add gfxmmu
2024-09-14 14:37:18,853 [INFO] IPUIPlugin:74 - create IPUIPlugin
2024-09-14 14:37:18,853 [INFO] PluginManager:213 - loadIPPluginJar : add gic
2024-09-14 14:37:18,853 [INFO] IPUIPlugin:74 - create IPUIPlugin
2024-09-14 14:37:18,853 [INFO] PluginManager:213 - loadIPPluginJar : add gpio
2024-09-14 14:37:18,853 [INFO] IPUIPlugin:74 - create IPUIPlugin
2024-09-14 14:37:18,853 [INFO] PluginManager:213 - loadIPPluginJar : add gtzc
2024-09-14 14:37:18,853 [INFO] IPUIPlugin:74 - create IPUIPlugin
2024-09-14 14:37:18,853 [INFO] PluginManager:213 - loadIPPluginJar : add hash
2024-09-14 14:37:18,853 [INFO] IPUIPlugin:74 - create IPUIPlugin
2024-09-14 14:37:18,853 [INFO] PluginManager:213 - loadIPPluginJar : add i2c
2024-09-14 14:37:18,868 [INFO] IPUIPlugin:74 - create IPUIPlugin
2024-09-14 14:37:18,868 [INFO] PluginManager:213 - loadIPPluginJar : add i2s
2024-09-14 14:37:18,868 [INFO] IPUIPlugin:74 - create IPUIPlugin
2024-09-14 14:37:18,868 [INFO] PluginManager:213 - loadIPPluginJar : add ipddr
2024-09-14 14:37:18,868 [INFO] IPUIPlugin:74 - create IPUIPlugin
2024-09-14 14:37:18,868 [INFO] PluginManager:213 - loadIPPluginJar : add linkedlist
2024-09-14 14:37:18,868 [INFO] IPUIPlugin:74 - create IPUIPlugin
2024-09-14 14:37:18,868 [INFO] PluginManager:213 - loadIPPluginJar : add lorawan
2024-09-14 14:37:18,868 [INFO] IPUIPlugin:74 - create IPUIPlugin
2024-09-14 14:37:18,884 [INFO] PluginManager:213 - loadIPPluginJar : add ltdc
2024-09-14 14:37:18,884 [INFO] IPUIPlugin:74 - create IPUIPlugin
2024-09-14 14:37:18,884 [INFO] PluginManager:213 - loadIPPluginJar : add mdma
2024-09-14 14:37:18,884 [INFO] IPUIPlugin:74 - create IPUIPlugin
2024-09-14 14:37:18,884 [INFO] PluginManager:213 - loadIPPluginJar : add nvic
2024-09-14 14:37:18,884 [INFO] IPUIPlugin:74 - create IPUIPlugin
2024-09-14 14:37:18,884 [INFO] PluginManager:213 - loadIPPluginJar : add opamp
2024-09-14 14:37:18,884 [INFO] IPUIPlugin:74 - create IPUIPlugin
2024-09-14 14:37:18,884 [INFO] PluginManager:213 - loadIPPluginJar : add openamp
2024-09-14 14:37:18,898 [INFO] IPUIPlugin:74 - create IPUIPlugin
2024-09-14 14:37:18,898 [INFO] PluginManager:213 - loadIPPluginJar : add pdm2pcm
2024-09-14 14:37:18,901 [INFO] IPUIPlugin:74 - create IPUIPlugin
2024-09-14 14:37:18,901 [INFO] PluginManager:213 - loadIPPluginJar : add plateformsettings
2024-09-14 14:37:18,901 [INFO] IPUIPlugin:74 - create IPUIPlugin
2024-09-14 14:37:18,901 [INFO] PluginManager:213 - loadIPPluginJar : add quadspi
2024-09-14 14:37:18,901 [INFO] IPUIPlugin:74 - create IPUIPlugin
2024-09-14 14:37:18,901 [INFO] PluginManager:213 - loadIPPluginJar : add resmgrutility
2024-09-14 14:37:18,916 [INFO] IPUIPlugin:74 - create IPUIPlugin
2024-09-14 14:37:18,916 [INFO] PluginManager:213 - loadIPPluginJar : add sai
2024-09-14 14:37:18,916 [INFO] IPUIPlugin:74 - create IPUIPlugin
2024-09-14 14:37:18,916 [INFO] PluginManager:213 - loadIPPluginJar : add spi
2024-09-14 14:37:18,916 [INFO] IPUIPlugin:74 - create IPUIPlugin
2024-09-14 14:37:18,916 [INFO] PluginManager:213 - loadIPPluginJar : add stm32_wpan
2024-09-14 14:37:18,916 [INFO] IPUIPlugin:74 - create IPUIPlugin
2024-09-14 14:37:18,916 [INFO] PluginManager:213 - loadIPPluginJar : add tim
2024-09-14 14:37:18,916 [INFO] IPUIPlugin:74 - create IPUIPlugin
2024-09-14 14:37:18,932 [INFO] PluginManager:213 - loadIPPluginJar : add touchsensing
2024-09-14 14:37:18,932 [INFO] IPUIPlugin:74 - create IPUIPlugin
2024-09-14 14:37:18,932 [INFO] PluginManager:213 - loadIPPluginJar : add tracer_emb
2024-09-14 14:37:18,932 [INFO] IPUIPlugin:74 - create IPUIPlugin
2024-09-14 14:37:18,932 [INFO] PluginManager:213 - loadIPPluginJar : add ts
2024-09-14 14:37:18,932 [INFO] IPUIPlugin:74 - create IPUIPlugin
2024-09-14 14:37:18,932 [INFO] PluginManager:213 - loadIPPluginJar : add tsc
2024-09-14 14:37:18,932 [INFO] IPUIPlugin:74 - create IPUIPlugin
2024-09-14 14:37:18,932 [INFO] PluginManager:213 - loadIPPluginJar : add ucpd
2024-09-14 14:37:18,932 [INFO] IPUIPlugin:74 - create IPUIPlugin
2024-09-14 14:37:18,932 [INFO] PluginManager:213 - loadIPPluginJar : add usart
2024-09-14 14:37:18,932 [INFO] IPUIPlugin:74 - create IPUIPlugin
2024-09-14 14:37:18,932 [INFO] PluginManager:213 - loadIPPluginJar : add usbx
2024-09-14 14:37:19,293 [FATAL] Updater:294 - Updater called before beeing initialized
2024-09-14 14:37:19,403 [FATAL] Updater:294 - Updater called before beeing initialized
2024-09-14 14:37:19,419 [INFO] DbMcusAds:47 - JSON generation date=Thu May 16 16:22:00 ICT 2024 (1715851320667)
2024-09-14 14:37:19,419 [FATAL] Updater:294 - Updater called before beeing initialized
2024-09-14 14:37:19,454 [WARN] DetailPanel:314 - Failed to get advertising image, set to default
2024-09-14 14:37:19,599 [FATAL] Updater:294 - Updater called before beeing initialized
2024-09-14 14:37:19,599 [FATAL] Updater:294 - Updater called before beeing initialized
2024-09-14 14:37:19,599 [FATAL] Updater:294 - Updater called before beeing initialized
2024-09-14 14:37:19,599 [WARN] DetailPanel:314 - Failed to get advertising image, set to default
2024-09-14 14:37:19,599 [FATAL] Updater:294 - Updater called before beeing initialized
2024-09-14 14:37:19,656 [ERROR] Updater:1075 - MainUpdater not yet initialized. External WinMGr cannot be set.
2024-09-14 14:37:19,672 [INFO] Updater:1012 - Updater Version found : 6.3.0
2024-09-14 14:37:19,689 [INFO] ApplicationProperties:181 - Using Application install path: C:\ST\STM32CubeIDE_1.7.0\STM32CubeIDE\plugins\com.st.stm32cube.common.mx_6.3.0.202107141111
2024-09-14 14:37:20,052 [INFO] MainUpdater:2671 - connection check result : 10
2024-09-14 14:37:20,052 [INFO] MainUpdater:265 - Updater Check For Update Now.
2024-09-14 14:37:20,052 [INFO] MicroXplorer:478 - Change Database Version : DB.6.0.30
2024-09-14 14:37:20,229 [INFO] CheckServerUpdateThread:112 - End of CheckServer Thread
2024-09-14 14:37:20,288 [INFO] MainUpdater:2671 - connection check result : 10
2024-09-14 14:37:21,465 [ERROR] Engine:463 - C:\Users\xjkpr\.stm32cubemx\thirdparties\pdsc\STMicroelectronics.FP-SNS-MOTENVWB1.1.4.0.pdsc: PDSC version is not supported
2024-09-14 14:37:21,481 [ERROR] Engine:463 - C:\Users\xjkpr\.stm32cubemx\thirdparties\pdsc\STMicroelectronics.X-CUBE-SMBUS.2.1.0.pdsc: PDSC version is not supported
2024-09-14 14:37:21,554 [WARN] PackLoader:238 - Cannot read IP mode file for STMicroelectronics.X-CUBE-AZRTOS-F7.1.1.0
2024-09-14 14:37:21,691 [WARN] PackLoader:238 - Cannot read IP mode file for STMicroelectronics.X-CUBE-MEMS1.11.0.0
2024-09-14 14:37:21,750 [INFO] McuFinderGlobals:52 - Set McuFinderConnectedMode to false
2024-09-14 14:37:21,877 [INFO] CrossSelectorPresenter:1330 - Cross Selector saved comparison directory: C:\Users\xjkpr\.stmcufinder\plugins\mcufinder\mcu\cs_comparisons_mx
2024-09-14 14:37:21,877 [INFO] MultiScanPanel:197 - Auto-refresh data requested => check proxy status ongoing
2024-09-14 14:37:21,877 [INFO] MultiScanPanel:201 - Proxy status is invalid
2024-09-14 14:37:21,893 [INFO] FinderPluginLoader:87 - Searching for filters in installed packs
2024-09-14 14:37:21,893 [INFO] DbMcusXml:100 - Load MCU database from C:\ST\STM32CubeIDE_1.7.0\STM32CubeIDE\plugins\com.st.stm32cube.common.mx_6.3.0.202107141111\\db\/mcu/families.xml
2024-09-14 14:37:21,956 [ERROR] Engine:463 - C:\Users\xjkpr\.stm32cubemx\thirdparties\pdsc\STMicroelectronics.FP-SNS-FLIGHT1.5.0.2.pdsc: PDSC version is not supported
2024-09-14 14:37:21,972 [ERROR] Engine:463 - C:\Users\xjkpr\.stm32cubemx\thirdparties\pdsc\STMicroelectronics.X-CUBE-DISPLAY.3.0.0.pdsc: PDSC version is not supported
2024-09-14 14:37:21,988 [WARN] PackLoader:238 - Cannot read IP mode file for STMicroelectronics.X-CUBE-BLE1.7.0.0
2024-09-14 14:37:21,988 [ERROR] Engine:463 - C:\Users\xjkpr\.stm32cubemx\thirdparties\pdsc\emotas.I-CUBE-CANOPEN.1.3.0.pdsc: PDSC version is not supported
2024-09-14 14:37:22,000 [ERROR] Engine:463 - C:\Users\xjkpr\.stm32cubemx\thirdparties\pdsc\STMicroelectronics.X-CUBE-BLEMGR.3.1.0.pdsc: PDSC version is not supported
2024-09-14 14:37:22,000 [ERROR] Engine:463 - C:\Users\xjkpr\.stm32cubemx\thirdparties\pdsc\STMicroelectronics.FP-SNS-SMARTAG2.1.2.0.pdsc: PDSC version is not supported
2024-09-14 14:37:22,036 [INFO] LogOutputStream:76 - [STDOUT_REDIRECT] 1 : Invalid condition id : UX_CORESTACK_Condition cause : null
2024-09-14 14:37:22,038 [INFO] LogOutputStream:76 - [STDOUT_REDIRECT] 1 : Invalid condition id : UX_CORESTACK_Condition cause : null
2024-09-14 14:37:22,038 [INFO] LogOutputStream:76 - [STDOUT_REDIRECT] 1 : Invalid condition id : UX_CORESTACK_Condition cause : null
2024-09-14 14:37:22,038 [INFO] LogOutputStream:76 - [STDOUT_REDIRECT] 1 : Invalid condition id : UX_CORESTACK_Condition cause : null
2024-09-14 14:37:22,038 [INFO] LogOutputStream:76 - [STDOUT_REDIRECT] 1 : Invalid condition id : UX_CORESTACK_Condition cause : null
2024-09-14 14:37:22,052 [WARN] PackLoader:238 - Cannot read IP mode file for STMicroelectronics.X-CUBE-AZRTOS-WL.2.0.0
2024-09-14 14:37:22,052 [ERROR] Engine:463 - C:\Users\xjkpr\.stm32cubemx\thirdparties\pdsc\STMicroelectronics.FP-SNS-MOTENV1.5.0.0.pdsc: PDSC version is not supported
2024-09-14 14:37:22,052 [WARN] PackLoader:238 - Cannot read IP mode file for wolfSSL.I-CUBE-wolfMQTT.1.19.0
2024-09-14 14:37:22,068 [WARN] PackLoader:238 - Cannot read IP mode file for WES.I-CUBE-Cesium.1.3.0
2024-09-14 14:37:22,083 [WARN] PackLoader:238 - Cannot read IP mode file for STMicroelectronics.X-CUBE-BLE2.3.3.0
2024-09-14 14:37:22,090 [ERROR] Engine:463 - C:\Users\xjkpr\.stm32cubemx\thirdparties\pdsc\STMicroelectronics.X-CUBE-TCPP.4.1.0.pdsc: PDSC version is not supported
2024-09-14 14:37:22,100 [WARN] PackLoader:238 - Cannot read IP mode file for STMicroelectronics.X-CUBE-AZRTOS-G0.1.1.0
2024-09-14 14:37:22,115 [WARN] PackLoader:238 - Cannot read IP mode file for STMicroelectronics.X-CUBE-SAFEA1.1.2.2
2024-09-14 14:37:22,115 [WARN] PackLoader:238 - Cannot read IP mode file for STMicroelectronics.X-CUBE-NFC4.3.0.0
2024-09-14 14:37:22,131 [ERROR] Engine:463 - C:\Users\xjkpr\.stm32cubemx\thirdparties\pdsc\EmbeddedOffice.I-CUBE-FS-RTOS.1.0.1.pdsc: PDSC version is not supported
2024-09-14 14:37:22,146 [ERROR] Engine:463 - C:\Users\xjkpr\.stm32cubemx\thirdparties\pdsc\RealThread.X-CUBE-RT-Thread_Nano.4.1.1.pdsc: PDSC version is not supported
2024-09-14 14:37:22,146 [WARN] PackLoader:238 - Cannot read IP mode file for STMicroelectronics.FP-ATR-SIGFOX1.3.2.0
2024-09-14 14:37:22,146 [WARN] PackLoader:238 - Cannot read IP mode file for wolfSSL.I-CUBE-wolfSSL.5.7.2
2024-09-14 14:37:22,162 [WARN] PackLoader:238 - Cannot read IP mode file for STMicroelectronics.X-CUBE-EEPRMA1.5.1.0
2024-09-14 14:37:22,209 [ERROR] Engine:463 - C:\Users\xjkpr\.stm32cubemx\thirdparties\pdsc\ITTIA_DB.I-CUBE-ITTIADB.8.9.0.pdsc: PDSC version is not supported
2024-09-14 14:37:22,241 [WARN] PackLoader:238 - Cannot read IP mode file for SEGGER.I-CUBE-embOS.1.3.1
2024-09-14 14:37:22,336 [WARN] PackLoader:238 - Cannot read IP mode file for STMicroelectronics.X-CUBE-ALGOBUILD.1.4.0
2024-09-14 14:37:22,352 [WARN] PackLoader:238 - Cannot read IP mode file for STMicroelectronics.X-CUBE-GNSS1.6.0.0
2024-09-14 14:37:22,399 [WARN] PackLoader:238 - Cannot read IP mode file for STMicroelectronics.X-CUBE-AZRTOS-F4.1.1.0
2024-09-14 14:37:22,400 [ERROR] Engine:463 - C:\Users\xjkpr\.stm32cubemx\thirdparties\pdsc\STMicroelectronics.X-CUBE-FREERTOS.1.2.0.pdsc: PDSC version is not supported
2024-09-14 14:37:22,431 [WARN] PackLoader:238 - Cannot read IP mode file for STMicroelectronics.X-CUBE-AZRTOS-L5.2.0.0
2024-09-14 14:37:22,447 [WARN] PackLoader:238 - Cannot read IP mode file for STMicroelectronics.X-CUBE-NFC6.3.1.0
2024-09-14 14:37:22,478 [ERROR] Engine:463 - C:\Users\xjkpr\.stm32cubemx\thirdparties\pdsc\STMicroelectronics.X-CUBE-DPower.1.2.0.pdsc: PDSC version is not supported
2024-09-14 14:37:22,478 [WARN] PackLoader:238 - Cannot read IP mode file for STMicroelectronics.X-CUBE-AI.9.0.0
2024-09-14 14:37:22,494 [WARN] PackLoader:238 - Cannot read IP mode file for STMicroelectronics.X-CUBE-NFC7.1.0.1
2024-09-14 14:37:22,526 [WARN] ConditionMgr:437 - getConditionDescription Invalid condition id : LAN8742 Phy interface Condition cause : null
2024-09-14 14:37:22,526 [WARN] PackLoader:238 - Cannot read IP mode file for STMicroelectronics.X-CUBE-AZRTOS-L4.2.0.0
2024-09-14 14:37:22,526 [WARN] ConditionMgr:1038 - genDependencies : Invalid condition id : LAN8742 Phy interface Condition cause : null
2024-09-14 14:37:22,526 [WARN] ConditionMgr:1038 - genDependencies : Invalid condition id : LAN8742 Phy interface Condition cause : null
2024-09-14 14:37:22,526 [WARN] ConditionMgr:1038 - genDependencies : Invalid condition id : LAN8742 Phy interface Condition cause : null
2024-09-14 14:37:22,542 [WARN] PackLoader:238 - Cannot read IP mode file for STMicroelectronics.X-CUBE-SFXS2LP1.4.0.0
2024-09-14 14:37:22,601 [WARN] PackLoader:238 - Cannot read IP mode file for STMicroelectronics.X-CUBE-AZRTOS-H7.3.3.0
2024-09-14 14:37:22,652 [WARN] ConditionMgr:437 - getConditionDescription Invalid condition id : UX DEVICE CLASS RTOS Condition cause : null
2024-09-14 14:37:22,652 [WARN] ConditionMgr:437 - getConditionDescription Invalid condition id : UX DEVICE CLASS RTOS Condition cause : null
2024-09-14 14:37:22,652 [WARN] PackLoader:238 - Cannot read IP mode file for STMicroelectronics.X-CUBE-AZRTOS-WB.2.0.0
2024-09-14 14:37:22,652 [WARN] ConditionMgr:1038 - genDependencies : Invalid condition id : UX DEVICE CLASS RTOS Condition cause : null
2024-09-14 14:37:22,652 [WARN] ConditionMgr:1038 - genDependencies : Invalid condition id : UX DEVICE CLASS RTOS Condition cause : null
2024-09-14 14:37:22,652 [WARN] ConditionMgr:1038 - genDependencies : Invalid condition id : UX DEVICE CLASS RTOS Condition cause : null
2024-09-14 14:37:22,652 [WARN] ConditionMgr:1038 - genDependencies : Invalid condition id : UX DEVICE CLASS RTOS Condition cause : null
2024-09-14 14:37:22,652 [WARN] ConditionMgr:1038 - genDependencies : Invalid condition id : UX DEVICE CLASS RTOS Condition cause : null
2024-09-14 14:37:22,668 [WARN] PackLoader:238 - Cannot read IP mode file for STMicroelectronics.X-CUBE-GNSS1.7.0.0
2024-09-14 14:37:22,668 [ERROR] Engine:463 - C:\Users\xjkpr\.stm32cubemx\thirdparties\pdsc\STMicroelectronics.FP-SNS-STBOX1.2.0.0.pdsc: PDSC version is not supported
2024-09-14 14:37:22,683 [WARN] PackLoader:238 - Cannot read IP mode file for STMicroelectronics.X-CUBE-SUBG2.5.0.0
2024-09-14 14:37:22,683 [ERROR] Engine:463 - C:\Users\xjkpr\.stm32cubemx\thirdparties\pdsc\Cesanta.I-CUBE-Mongoose.7.13.0.pdsc: PDSC version is not supported
2024-09-14 14:37:22,715 [WARN] PackLoader:238 - Cannot read IP mode file for STMicroelectronics.X-CUBE-AZRTOS-G4.2.0.0
2024-09-14 14:37:22,715 [WARN] PackLoader:238 - Cannot read IP mode file for STMicroelectronics.X-CUBE-ISPU.2.0.0
2024-09-14 14:37:22,731 [ERROR] Engine:463 - C:\Users\xjkpr\.stm32cubemx\thirdparties\pdsc\STMicroelectronics.X-CUBE-ALS.1.0.2.pdsc: PDSC version is not supported
2024-09-14 14:37:22,731 [WARN] PackLoader:238 - Cannot read IP mode file for STMicroelectronics.X-CUBE-TOUCHGFX.4.24.0
2024-09-14 14:37:22,731 [WARN] PackLoader:238 - Cannot read IP mode file for wolfSSL.I-CUBE-wolfTPM.3.4.0
2024-09-14 14:37:22,747 [WARN] PackLoader:238 - Cannot read IP mode file for portGmbH.I-Cube-SoM-uGOAL.1.1.0
2024-09-14 14:37:22,782 [WARN] PackLoader:238 - Cannot read IP mode file for STMicroelectronics.X-CUBE-AZRTOS-H7RS.1.0.0
2024-09-14 14:37:22,794 [WARN] PackLoader:238 - Cannot read IP mode file for STMicroelectronics.FP-ATR-ASTRA1.2.0.0
2024-09-14 14:37:22,801 [ERROR] Engine:463 - C:\Users\xjkpr\.stm32cubemx\thirdparties\pdsc\STMicroelectronics.X-CUBE-TOF1.3.4.2.pdsc: PDSC version is not supported
2024-09-14 14:37:22,810 [ERROR] Engine:463 - C:\Users\xjkpr\.stm32cubemx\thirdparties\pdsc\Infineon.AIROC-Wi-Fi-Bluetooth-STM32.1.6.1.pdsc: PDSC version is not supported
2024-09-14 14:37:22,810 [WARN] PackLoader:238 - Cannot read IP mode file for wolfSSL.I-CUBE-wolfSSH.1.4.17
2024-09-14 14:37:22,810 [INFO] ThirdParty:915 - Integrity check success = true
2024-09-14 14:37:22,810 [INFO] IntegrityCheckThread:94 - exiting critical section [integrity check]
2024-09-14 14:37:22,810 [INFO] IntegrityCheckThread:97 - End integrity checks thread
2024-09-14 14:37:22,983 [INFO] DbMcusJson:93 - JSON generation date=Tue Nov 16 23:17:54 ICT 2021 (1637079474)
2024-09-14 14:37:23,947 [INFO] DbMcus:175 - Found 1951 MCUs (1903 are supported by CubeMX, 1914 are visible in CubeMX)
2024-09-14 14:37:23,947 [INFO] ApiDb:251 - Load user favorites file C:\Users\xjkpr/.stm32cubeide/favorites.mcus.txt: 1 item(s)
2024-09-14 14:37:23,947 [INFO] ApiDb:255 - User favorites MCUs=[STM32F103C6Tx]
2024-09-14 14:37:23,947 [INFO] DbMcus:187 - Set 1 / 1 favorites MCUs
2024-09-14 14:37:24,520 [INFO] DetailPanel:309 - Set advertising image to C:/Users/xjkpr/STM32Cube/Repository/\en.prom-stm32h7rs-mcu-finder.jpg
2024-09-14 14:37:24,942 [INFO] DbBoardsPdsc:90 - Found 25 items
2024-09-14 14:37:24,942 [INFO] DbBoardsPdsc:90 - Found 9 items
2024-09-14 14:37:24,942 [INFO] DbBoardsPdsc:90 - Found 33 items
2024-09-14 14:37:24,942 [INFO] DbBoardsPdsc:90 - Found 1 items
2024-09-14 14:37:24,958 [INFO] DbBoardsPdsc:90 - Found 48 items
2024-09-14 14:37:24,958 [INFO] DbBoardsPdsc:90 - Found 43 items
2024-09-14 14:37:24,958 [INFO] DbBoardsPdsc:90 - Found 2 items
2024-09-14 14:37:24,958 [INFO] DbBoardsPdsc:90 - Found 5 items
2024-09-14 14:37:24,974 [WARN] DbBoardsPdsc:254 - Board STM32H7B3I-DK: unknown feature type=Audio, name=, username=Audio stereo codec with Headphone Amp (CS42L51-CNZ), n=1
2024-09-14 14:37:24,974 [WARN] DbBoardsPdsc:254 - Board STM32H735G-DK: unknown feature type=Audio, name=, username=Audio stereo codec with Headphone Amp (WM8994ECS/R), n=1
2024-09-14 14:37:24,974 [WARN] DbBoardsPdsc:254 - Board STM32H7B3I-EVAL: unknown feature type=Audio, name=, username=Multi-Channel Audio Codec (CS42L51-CNZ), n=1
2024-09-14 14:37:24,974 [WARN] DbBoardsPdsc:254 - Board STM32H7B3I-EVAL: unknown feature type=Meter, name=, username=Power-metering and Temperature-monitoring with sigma-delta modulators, n=1
2024-09-14 14:37:24,974 [WARN] DbBoardsPdsc:254 - Board STM32H7B3I-EVAL: unknown feature type=Motor, name=, username=Motor Control, n=1
2024-09-14 14:37:24,995 [WARN] DbBoardsPdsc:254 - Board STM32U575I-EV: unknown feature type=joystick, name=, username=4-direction joystick with selection button, n=1
2024-09-14 14:37:25,022 [INFO] DbBoardsJson:86 - JSON generation date=Tue Nov 16 23:17:54 ICT 2021 (1637079474)
2024-09-14 14:37:25,039 [INFO] DbBoards:117 - Found 167 boards (163 are supported by CubeMX)
2024-09-14 14:37:25,044 [INFO] DbBoardsDocs:143 - JSON generation date=Tue Nov 16 23:17:54 ICT 2021 (1637079474)
2024-09-14 14:37:25,044 [INFO] DbBoardsDocs:79 - Found 209 boards documents
2024-09-14 14:37:25,044 [WARN] DbBoards:127 - board B-L475E-IOT01A2 has no document id list !
2024-09-14 14:37:25,044 [WARN] DbBoards:127 - board NUCLEO-H743ZI has no document id list !
2024-09-14 14:37:25,053 [WARN] DbBoards:127 - board NUCLEO-WL55JC2 has no document id list !
2024-09-14 14:37:25,053 [WARN] DbBoards:127 - board P-NUCLEO-WB55-Nucleo has no document id list !
2024-09-14 14:37:25,053 [WARN] DbBoards:127 - board P-NUCLEO-WB55-USBDongle has no document id list !
2024-09-14 14:37:25,053 [WARN] DbBoards:127 - board STEVAL-BFA001V1B has no document id list !
2024-09-14 14:37:25,053 [WARN] DbBoards:127 - board STEVAL-BFA001V2B has no document id list !
2024-09-14 14:37:25,053 [WARN] DbBoards:127 - board STEVAL-IDP005V1 has no document id list !
2024-09-14 14:37:25,053 [WARN] DbBoards:127 - board STEVAL-IDP005V2 has no document id list !
2024-09-14 14:37:25,053 [WARN] DbBoards:127 - board STEVAL-MKSBOX1V1 has no document id list !
2024-09-14 14:37:25,053 [WARN] DbBoards:127 - board STEVAL-STWINKT1 has no document id list !
2024-09-14 14:37:25,053 [WARN] DbBoards:127 - board STEVAL-STWINKT1B has no document id list !
2024-09-14 14:37:25,053 [WARN] DbBoards:127 - board STM32439I-EVAL2 has no document id list !
2024-09-14 14:37:25,053 [WARN] DbBoards:127 - board STM32F401C-DISCO has no document id list !
2024-09-14 14:37:25,053 [WARN] DbBoards:127 - board STM32F769I-DISC1 has no document id list !
2024-09-14 14:37:25,053 [WARN] DbBoards:127 - board STM32G474E-EVAL1 has no document id list !
2024-09-14 14:37:25,053 [WARN] DbBoards:127 - board STM32H743I-EVAL2 has no document id list !
2024-09-14 14:37:25,053 [WARN] DbBoards:127 - board STM32H747I-DISC1 has no document id list !
2024-09-14 14:37:25,053 [WARN] DbBoards:127 - board STM32H753I-EVAL2 has no document id list !
2024-09-14 14:37:25,053 [WARN] DbBoards:127 - board STM32L-DISCOVERY has no document id list !
2024-09-14 14:37:25,274 [ERROR] DbBoards:189 - Image file not found for board B-U585I-IOT02A: C:\ST\STM32CubeIDE_1.7.0\STM32CubeIDE\plugins\com.st.stm32cube.common.mx_6.3.0.202107141111\\db\/plugins/mcufinder/images/boards/B-U585I-IOT02A_small.jpg
2024-09-14 14:37:25,404 [ERROR] DbBoards:189 - Image file not found for board NUCLEO-F413ZH: C:\ST\STM32CubeIDE_1.7.0\STM32CubeIDE\plugins\com.st.stm32cube.common.mx_6.3.0.202107141111\\db\/plugins/mcufinder/images/boards/nucleo-f413zh_small.jpg
2024-09-14 14:37:25,622 [ERROR] DbBoards:189 - Image file not found for board NUCLEO-L552ZE-Q: C:\ST\STM32CubeIDE_1.7.0\STM32CubeIDE\plugins\com.st.stm32cube.common.mx_6.3.0.202107141111\\db\/plugins/mcufinder/images/boards/nucleo_l552ze_q_small.jpg
2024-09-14 14:37:25,622 [ERROR] DbBoards:189 - Image file not found for board NUCLEO-U575ZI-Q: C:\ST\STM32CubeIDE_1.7.0\STM32CubeIDE\plugins\com.st.stm32cube.common.mx_6.3.0.202107141111\\db\/plugins/mcufinder/images/boards/nucleo-u575zi-q_small.jpg
2024-09-14 14:37:25,622 [ERROR] DbBoards:189 - Image file not found for board NUCLEO-WB15CC: C:\ST\STM32CubeIDE_1.7.0\STM32CubeIDE\plugins\com.st.stm32cube.common.mx_6.3.0.202107141111\\db\/plugins/mcufinder/images/boards/nucleo-wb15cc_small.jpg
2024-09-14 14:37:25,622 [ERROR] DbBoards:189 - Image file not found for board NUCLEO-WB55RG: C:\ST\STM32CubeIDE_1.7.0\STM32CubeIDE\plugins\com.st.stm32cube.common.mx_6.3.0.202107141111\\db\/plugins/mcufinder/images/boards/nucleo-wb55rg_small.jpg
2024-09-14 14:37:27,063 [INFO] ApiDb:251 - Load user favorites file C:\Users\xjkpr/.stm32cubeide/favorites.boards.txt: 0 item(s)
2024-09-14 14:37:27,063 [INFO] ApiDb:255 - User favorites Boards=[]
2024-09-14 14:37:27,063 [INFO] DbBoards:206 - Set 0 / 0 favorites Boards
2024-09-14 14:37:29,313 [INFO] McuFinderGlobals:52 - Set McuFinderConnectedMode to true
2024-09-14 14:37:29,477 [INFO] ApiDb:276 - Save user favorites file C:\Users\xjkpr/.stm32cubeide/favorites.mcus.txt: 1 item(s)
2024-09-14 14:37:29,477 [INFO] ApiDb:280 - User favorites MCUs=[STM32F103C6Tx]
2024-09-14 14:37:50,873 [INFO] MainUpdater:2671 - connection check result : 10
2024-09-14 14:37:51,002 [INFO] McuFinderGlobals:52 - Set McuFinderConnectedMode to false
2024-09-14 14:37:51,027 [INFO] CrossSelectorPresenter:1330 - Cross Selector saved comparison directory: C:\Users\xjkpr\.stmcufinder\plugins\mcufinder\mcu\cs_comparisons_mx
2024-09-14 14:37:51,027 [INFO] MultiScanPanel:197 - Auto-refresh data requested => check proxy status ongoing
2024-09-14 14:37:51,027 [INFO] MultiScanPanel:201 - Proxy status is invalid
2024-09-14 14:37:51,027 [INFO] FinderPluginLoader:87 - Searching for filters in installed packs
2024-09-14 14:37:51,544 [INFO] DetailPanel:309 - Set advertising image to C:/Users/xjkpr/STM32Cube/Repository/\en.prom-stm32h7rs-mcu-finder.jpg
2024-09-14 14:38:05,806 [INFO] DbMcusDocs:143 - JSON generation date=Tue Nov 16 23:17:54 ICT 2021 (1637079474)
2024-09-14 14:38:06,294 [INFO] DbMcusDocs:79 - Found 682 MCUs documents
2024-09-14 14:38:37,083 [INFO] MainUpdater:2671 - connection check result : 10
2024-09-14 14:38:37,083 [INFO] MainUpdater:2671 - connection check result : 10
2024-09-14 14:38:37,147 [INFO] MicroXplorer:448 - Change Database Path : 
2024-09-14 14:38:37,147 [INFO] MicroXplorer:478 - Change Database Version : DB.6.0.30
2024-09-14 14:38:37,147 [WARN] ThirdParty:813 - waiting for thirdparty lock release [close project]
2024-09-14 14:38:37,147 [INFO] ThirdParty:815 - entering critical section [close project]
2024-09-14 14:38:37,149 [INFO] ThirdParty:825 - exiting critical section [close project]
2024-09-14 14:38:37,152 [INFO] PinOutPanel:1463 - setPackage(No Configuration,No Configuration)
2024-09-14 14:38:37,152 [INFO] UtilMem:74 - Begin LoadConfig() Used Memory: 605437776 Bytes (656408576)
2024-09-14 14:38:37,157 [INFO] MicroXplorer:448 - Change Database Path : 
2024-09-14 14:38:37,157 [INFO] MicroXplorer:478 - Change Database Version : DB.6.0.30
2024-09-14 14:38:37,157 [INFO] OpenFileManager:313 - Change cursor
2024-09-14 14:38:38,143 [INFO] Context:592 - Trying to add GPIOservice into a context  which must be forbidden
2024-09-14 14:38:38,426 [INFO] ImportTextPane:167 - (OptionalMessage_ERROR) Unable to find key (Mcu.ThirdPartyNb) in loaded IOC file
2024-09-14 14:38:38,426 [INFO] ImportTextPane:167 - (OptionalMessage_ERROR) Unable to find key (Mcu.PinsNb) in loaded IOC file
2024-09-14 14:38:38,426 [INFO] ImportTextPane:167 - (OptionalMessage_ERROR) Unable to find key (Mcu.IPNb) in loaded IOC file
2024-09-14 14:38:38,474 [WARN] ApiManager:304 - Cannot register API 'Board Extension:GNSS1A1' from pack STMicroelectronics.X-CUBE-GNSS1.6.0.0: no header file found
2024-09-14 14:38:38,474 [WARN] ApiManager:304 - Cannot register API 'Board Support:Custom' from pack STMicroelectronics.X-CUBE-GNSS1.6.0.0: no header file found
2024-09-14 14:38:38,474 [WARN] ApiManager:304 - Cannot register API 'Data Exchange:lib_gnss' from pack STMicroelectronics.X-CUBE-GNSS1.6.0.0: no header file found
2024-09-14 14:38:38,490 [WARN] ApiManager:304 - Cannot register API 'Board Extension:GNSS1A1' from pack STMicroelectronics.X-CUBE-GNSS1.7.0.0: no header file found
2024-09-14 14:38:38,490 [WARN] ApiManager:304 - Cannot register API 'Board Support:Custom' from pack STMicroelectronics.X-CUBE-GNSS1.7.0.0: no header file found
2024-09-14 14:38:38,490 [WARN] ApiManager:304 - Cannot register API 'Data Exchange:lib_gnss' from pack STMicroelectronics.X-CUBE-GNSS1.7.0.0: no header file found
2024-09-14 14:38:38,490 [WARN] ApiManager:304 - Cannot register API 'Board Extension:NFC06A1' from pack STMicroelectronics.X-CUBE-NFC6.3.1.0: no header file found
2024-09-14 14:38:38,490 [WARN] ApiManager:304 - Cannot register API 'Board Extension:NFC08A1' from pack STMicroelectronics.X-CUBE-NFC6.3.1.0: no header file found
2024-09-14 14:38:38,799 [WARN] ApiManager:304 - Cannot register API 'Board Extension:IKS01A3' from pack STMicroelectronics.X-CUBE-MEMS1.11.0.0: no header file found
2024-09-14 14:38:38,799 [WARN] ApiManager:304 - Cannot register API 'Board Extension:IKS02A1' from pack STMicroelectronics.X-CUBE-MEMS1.11.0.0: no header file found
2024-09-14 14:38:38,799 [WARN] ApiManager:304 - Cannot register API 'Board Extension:IKS4A1' from pack STMicroelectronics.X-CUBE-MEMS1.11.0.0: no header file found
2024-09-14 14:38:38,806 [INFO] RtosManager:484 - Registered RTOS mode: class=CMSIS, group=RTOS, mode=CMSIS_V1, owner=FREERTOS
2024-09-14 14:38:38,806 [INFO] RtosManager:484 - Registered RTOS mode: class=CMSIS, group=RTOS2, mode=CMSIS_V2, owner=FREERTOS
2024-09-14 14:38:38,806 [INFO] RtosManager:484 - Registered RTOS mode: class=RTOS, group=Core, mode=CMSIS_V1, owner=FREERTOS
2024-09-14 14:38:38,806 [INFO] RtosManager:484 - Registered RTOS mode: class=RTOS, group=Core, mode=CMSIS_V2, owner=FREERTOS
2024-09-14 14:38:38,806 [WARN] ModelIntegratedComponent:181 - Missing modes for component STMicroelectronics:FreeRTOS:0.0.1:STMicroelectronics:RTOS:FreeRTOS:Core:::10.2.0:
2024-09-14 14:38:38,806 [WARN] ApiManager:304 - Cannot register API 'Board Extension:STSAFEA1' from pack STMicroelectronics.X-CUBE-SAFEA1.1.2.2: no header file found
2024-09-14 14:38:38,806 [WARN] ApiManager:304 - Cannot register API 'Board Part:STSAFEA110' from pack STMicroelectronics.X-CUBE-SAFEA1.1.2.2: no header file found
2024-09-14 14:38:38,806 [WARN] ApiManager:304 - Cannot register API 'Security:ST_Cryptolib' from pack STMicroelectronics.X-CUBE-SAFEA1.1.2.2: no header file found
2024-09-14 14:38:38,806 [WARN] ApiManager:304 - Cannot register API 'Security:MbedTLS' from pack STMicroelectronics.X-CUBE-SAFEA1.1.2.2: no header file found
2024-09-14 14:38:38,817 [WARN] ApiManager:304 - Cannot register API 'Board Extension:NFC04A1' from pack STMicroelectronics.X-CUBE-NFC4.3.0.0: no header file found
2024-09-14 14:38:38,822 [WARN] ApiManager:304 - Cannot register API 'Board Extension:S2868A1' from pack STMicroelectronics.X-CUBE-SUBG2.5.0.0: no header file found
2024-09-14 14:38:38,822 [WARN] ApiManager:304 - Cannot register API 'Board Extension:S2868A2' from pack STMicroelectronics.X-CUBE-SUBG2.5.0.0: no header file found
2024-09-14 14:38:38,822 [WARN] ApiManager:304 - Cannot register API 'Board Extension:S2915A1' from pack STMicroelectronics.X-CUBE-SUBG2.5.0.0: no header file found
2024-09-14 14:38:38,822 [WARN] ApiManager:304 - Cannot register API 'Wireless:BlueNRG-MS' from pack STMicroelectronics.X-CUBE-BLE1.7.0.0: no header file found
2024-09-14 14:38:38,822 [WARN] ApiManager:304 - Cannot register API 'Board Extension:EEPRMA2' from pack STMicroelectronics.X-CUBE-EEPRMA1.5.1.0: no header file found
2024-09-14 14:38:38,822 [WARN] ApiManager:304 - Cannot register API 'Board Extension:PGEEZ1' from pack STMicroelectronics.X-CUBE-EEPRMA1.5.1.0: no header file found
2024-09-14 14:38:38,822 [WARN] ApiManager:304 - Cannot register API 'Board Extension:EEICA1' from pack STMicroelectronics.X-CUBE-EEPRMA1.5.1.0: no header file found
2024-09-14 14:38:38,822 [WARN] ApiManager:304 - Cannot register API 'Board Part:M24' from pack STMicroelectronics.X-CUBE-EEPRMA1.5.1.0: no header file found
2024-09-14 14:38:38,822 [WARN] ApiManager:304 - Cannot register API 'Board Part:M95' from pack STMicroelectronics.X-CUBE-EEPRMA1.5.1.0: no header file found
2024-09-14 14:38:38,822 [WARN] ApiManager:304 - Cannot register API 'Board Part:M95P32' from pack STMicroelectronics.X-CUBE-EEPRMA1.5.1.0: no header file found
2024-09-14 14:38:38,822 [WARN] ApiManager:304 - Cannot register API 'Board Part:M24256E-F' from pack STMicroelectronics.X-CUBE-EEPRMA1.5.1.0: no header file found
2024-09-14 14:38:38,822 [WARN] ApiManager:304 - Cannot register API 'Board Part:M24M01E-F' from pack STMicroelectronics.X-CUBE-EEPRMA1.5.1.0: no header file found
2024-09-14 14:38:38,822 [WARN] ApiManager:304 - Cannot register API 'PGEEZ1:SPI' from pack STMicroelectronics.X-CUBE-EEPRMA1.5.1.0: no header file found
2024-09-14 14:38:38,822 [WARN] ApiManager:304 - Cannot register API 'PGEEZ1:QDSPI' from pack STMicroelectronics.X-CUBE-EEPRMA1.5.1.0: no header file found
2024-09-14 14:38:38,822 [WARN] ModelIntegratedComponent:60 - No mode defined for component null
2024-09-14 14:38:38,822 [WARN] ModelIntegratedComponent:60 - No mode defined for component null
2024-09-14 14:38:38,822 [WARN] ModelIntegratedComponent:60 - No mode defined for component null
2024-09-14 14:38:38,822 [WARN] ModelIntegratedComponent:60 - No mode defined for component null
2024-09-14 14:38:38,822 [WARN] ModelIntegratedComponent:60 - No mode defined for component null
2024-09-14 14:38:38,822 [WARN] ModelIntegratedComponent:60 - No mode defined for component null
2024-09-14 14:38:38,822 [WARN] ModelIntegratedComponent:60 - No mode defined for component null
2024-09-14 14:38:38,822 [WARN] ModelIntegratedComponent:60 - No mode defined for component null
2024-09-14 14:38:38,822 [WARN] ModelIntegratedComponent:60 - No mode defined for component null
2024-09-14 14:38:38,822 [WARN] ModelIntegratedComponent:60 - No mode defined for component null
2024-09-14 14:38:38,822 [WARN] ModelIntegratedComponent:60 - No mode defined for component null
2024-09-14 14:38:38,822 [WARN] ModelIntegratedComponent:60 - No mode defined for component null
2024-09-14 14:38:38,822 [WARN] ModelIntegratedComponent:60 - No mode defined for component null
2024-09-14 14:38:38,822 [WARN] ModelIntegratedComponent:60 - No mode defined for component null
2024-09-14 14:38:38,822 [WARN] ModelIntegratedComponent:60 - No mode defined for component null
2024-09-14 14:38:38,822 [WARN] ModelIntegratedComponent:60 - No mode defined for component null
2024-09-14 14:38:38,822 [WARN] ModelIntegratedComponent:60 - No mode defined for component null
2024-09-14 14:38:38,822 [WARN] ModelIntegratedComponent:60 - No mode defined for component null
2024-09-14 14:38:38,822 [WARN] ModelIntegratedComponent:60 - No mode defined for component null
2024-09-14 14:38:38,822 [WARN] ModelIntegratedComponent:60 - No mode defined for component null
2024-09-14 14:38:38,822 [WARN] ModelIntegratedComponent:60 - No mode defined for component null
2024-09-14 14:38:38,822 [WARN] ModelIntegratedComponent:60 - No mode defined for component null
2024-09-14 14:38:38,822 [WARN] ModelIntegratedComponent:60 - No mode defined for component null
2024-09-14 14:38:38,822 [WARN] ModelIntegratedComponent:60 - No mode defined for component null
2024-09-14 14:38:38,822 [WARN] ModelIntegratedComponent:60 - No mode defined for component null
2024-09-14 14:38:38,822 [WARN] ModelIntegratedComponent:60 - No mode defined for component null
2024-09-14 14:38:38,822 [WARN] ModelIntegratedComponent:60 - No mode defined for component null
2024-09-14 14:38:38,822 [WARN] ModelIntegratedComponent:60 - No mode defined for component null
2024-09-14 14:38:38,822 [WARN] ModelIntegratedComponent:60 - No mode defined for component null
2024-09-14 14:38:38,822 [WARN] ModelIntegratedComponent:60 - No mode defined for component null
2024-09-14 14:38:38,822 [WARN] ModelIntegratedComponent:60 - No mode defined for component null
2024-09-14 14:38:38,822 [WARN] ApiManager:304 - Cannot register API 'Board Extension:NFC07A1' from pack STMicroelectronics.X-CUBE-NFC7.1.0.1: no header file found
2024-09-14 14:38:38,838 [WARN] ApiManager:304 - Cannot register API 'Board Extension:S2868A1' from pack STMicroelectronics.X-CUBE-SFXS2LP1.4.0.0: no header file found
2024-09-14 14:38:38,838 [WARN] ApiManager:304 - Cannot register API 'Board Extension:S2868A2' from pack STMicroelectronics.X-CUBE-SFXS2LP1.4.0.0: no header file found
2024-09-14 14:38:38,838 [WARN] ApiManager:304 - Cannot register API 'Board Extension:S2915A1' from pack STMicroelectronics.X-CUBE-SFXS2LP1.4.0.0: no header file found
2024-09-14 14:38:38,838 [WARN] ApiManager:304 - Cannot register API 'Wireless:BlueNRG-2' from pack STMicroelectronics.X-CUBE-BLE2.3.3.0: no header file found
2024-09-14 14:38:41,102 [INFO] UtilMem:74 - End LoadConfig() Used Memory: 568632984 Bytes (689963008)
2024-09-14 14:38:41,102 [WARN] ThirdParty:779 - waiting for thirdparty lock release [change project]
2024-09-14 14:38:41,102 [INFO] ThirdParty:781 - entering critical section [change project]
2024-09-14 14:38:41,102 [INFO] ThirdParty:967 - CMSIS Pack Vendor :STMicroelectronics X-CUBE-AZRTOS-H7 3.3.0
2024-09-14 14:38:41,102 [INFO] ThirdParty:967 - CMSIS Pack Vendor :STMicroelectronics X-CUBE-GNSS1 6.0.0
2024-09-14 14:38:41,102 [INFO] ThirdParty:967 - CMSIS Pack Vendor :STMicroelectronics USB_HOST 2.0.0
2024-09-14 14:38:41,102 [INFO] ThirdParty:967 - CMSIS Pack Vendor :STMicroelectronics X-CUBE-AZRTOS-F4 1.1.0
2024-09-14 14:38:41,102 [INFO] ThirdParty:967 - CMSIS Pack Vendor :STMicroelectronics USB_DEVICE 3.0.0
2024-09-14 14:38:41,102 [INFO] ThirdParty:967 - CMSIS Pack Vendor :STMicroelectronics X-CUBE-AZRTOS-WB 2.0.0
2024-09-14 14:38:41,102 [INFO] ThirdParty:967 - CMSIS Pack Vendor :STMicroelectronics X-CUBE-GNSS1 7.0.0
2024-09-14 14:38:41,102 [INFO] ThirdParty:967 - CMSIS Pack Vendor :STMicroelectronics X-CUBE-AZRTOS-F7 1.1.0
2024-09-14 14:38:41,102 [INFO] ThirdParty:967 - CMSIS Pack Vendor :STMicroelectronics X-CUBE-AZRTOS-L5 2.0.0
2024-09-14 14:38:41,102 [INFO] ThirdParty:967 - CMSIS Pack Vendor :STMicroelectronics USB_DEVICE 2.0.0
2024-09-14 14:38:41,102 [INFO] ThirdParty:967 - CMSIS Pack Vendor :STMicroelectronics X-CUBE-NFC6 3.1.0
2024-09-14 14:38:41,102 [INFO] ThirdParty:967 - CMSIS Pack Vendor :STMicroelectronics X-CUBE-MEMS1 11.0.0
2024-09-14 14:38:41,102 [INFO] ThirdParty:967 - CMSIS Pack Vendor :STMicroelectronics FreeRTOS 0.0.1
2024-09-14 14:38:41,102 [INFO] ThirdParty:967 - CMSIS Pack Vendor :STMicroelectronics X-CUBE-AZRTOS-G0 1.1.0
2024-09-14 14:38:41,102 [INFO] ThirdParty:967 - CMSIS Pack Vendor :STMicroelectronics X-CUBE-SAFEA1 1.2.2
2024-09-14 14:38:41,102 [INFO] ThirdParty:967 - CMSIS Pack Vendor :STMicroelectronics X-CUBE-NFC4 3.0.0
2024-09-14 14:38:41,102 [INFO] ThirdParty:967 - CMSIS Pack Vendor :STMicroelectronics X-CUBE-SUBG2 5.0.0
2024-09-14 14:38:41,102 [INFO] ThirdParty:967 - CMSIS Pack Vendor :STMicroelectronics lwIP 2.0.3
2024-09-14 14:38:41,102 [INFO] ThirdParty:967 - CMSIS Pack Vendor :STMicroelectronics USB_HOST 1.0.0
2024-09-14 14:38:41,102 [INFO] ThirdParty:967 - CMSIS Pack Vendor :STMicroelectronics X-CUBE-AI 9.0.0
2024-09-14 14:38:41,102 [INFO] ThirdParty:967 - CMSIS Pack Vendor :STMicroelectronics X-CUBE-AZRTOS-G4 2.0.0
2024-09-14 14:38:41,102 [INFO] ThirdParty:967 - CMSIS Pack Vendor :STMicroelectronics PDM2PCM 3.1.0
2024-09-14 14:38:41,102 [INFO] ThirdParty:967 - CMSIS Pack Vendor :STMicroelectronics PDM2PCM 3.3.0
2024-09-14 14:38:41,102 [INFO] ThirdParty:967 - CMSIS Pack Vendor :STMicroelectronics X-CUBE-BLE1 7.0.0
2024-09-14 14:38:41,102 [INFO] ThirdParty:967 - CMSIS Pack Vendor :STMicroelectronics FP-ATR-SIGFOX1 3.2.0
2024-09-14 14:38:41,102 [INFO] ThirdParty:967 - CMSIS Pack Vendor :wolfSSL I-CUBE-wolfSSL 5.7.2
2024-09-14 14:38:41,102 [INFO] ThirdParty:967 - CMSIS Pack Vendor :STMicroelectronics X-CUBE-ISPU 2.0.0
2024-09-14 14:38:41,102 [INFO] ThirdParty:967 - CMSIS Pack Vendor :STMicroelectronics X-CUBE-EEPRMA1 5.1.0
2024-09-14 14:38:41,102 [INFO] ThirdParty:967 - CMSIS Pack Vendor :STMicroelectronics HAL Drivers 0.0.0
2024-09-14 14:38:41,102 [INFO] ThirdParty:967 - CMSIS Pack Vendor :STMicroelectronics MBEDTLS 2.16.2
2024-09-14 14:38:41,102 [INFO] ThirdParty:967 - CMSIS Pack Vendor :STMicroelectronics X-CUBE-NFC7 1.0.1
2024-09-14 14:38:41,102 [INFO] ThirdParty:967 - CMSIS Pack Vendor :STMicroelectronics MBEDTLS 2.14.1
2024-09-14 14:38:41,102 [INFO] ThirdParty:967 - CMSIS Pack Vendor :STMicroelectronics X-CUBE-TOUCHGFX 4.24.0
2024-09-14 14:38:41,102 [INFO] ThirdParty:967 - CMSIS Pack Vendor :wolfSSL I-CUBE-wolfTPM 3.4.0
2024-09-14 14:38:41,102 [INFO] ThirdParty:967 - CMSIS Pack Vendor :portGmbH I-Cube-SoM-uGOAL 1.1.0
2024-09-14 14:38:41,102 [INFO] ThirdParty:967 - CMSIS Pack Vendor :STMicroelectronics X-CUBE-AZRTOS-WL 2.0.0
2024-09-14 14:38:41,102 [INFO] ThirdParty:967 - CMSIS Pack Vendor :SEGGER I-CUBE-embOS 1.3.1
2024-09-14 14:38:41,102 [INFO] ThirdParty:967 - CMSIS Pack Vendor :STMicroelectronics X-CUBE-ALGOBUILD 1.4.0
2024-09-14 14:38:41,102 [INFO] ThirdParty:967 - CMSIS Pack Vendor :STMicroelectronics USB_DEVICE 1.0.0
2024-09-14 14:38:41,102 [INFO] ThirdParty:967 - CMSIS Pack Vendor :STMicroelectronics X-CUBE-AZRTOS-H7RS 1.0.0
2024-09-14 14:38:41,102 [INFO] ThirdParty:967 - CMSIS Pack Vendor :wolfSSL I-CUBE-wolfMQTT 1.19.0
2024-09-14 14:38:41,102 [INFO] ThirdParty:967 - CMSIS Pack Vendor :STMicroelectronics X-CUBE-AZRTOS-L4 2.0.0
2024-09-14 14:38:41,102 [INFO] ThirdParty:967 - CMSIS Pack Vendor :STMicroelectronics ThreadX 0.0.2
2024-09-14 14:38:41,102 [INFO] ThirdParty:967 - CMSIS Pack Vendor :WES I-CUBE-Cesium 1.3.0
2024-09-14 14:38:41,102 [INFO] ThirdParty:967 - CMSIS Pack Vendor :STMicroelectronics FP-ATR-ASTRA1 2.0.0
2024-09-14 14:38:41,102 [INFO] ThirdParty:967 - CMSIS Pack Vendor :STMicroelectronics lwIP 2.1.2
2024-09-14 14:38:41,102 [INFO] ThirdParty:967 - CMSIS Pack Vendor :STMicroelectronics X-CUBE-SFXS2LP1 4.0.0
2024-09-14 14:38:41,102 [INFO] ThirdParty:967 - CMSIS Pack Vendor :STMicroelectronics X-CUBE-BLE2 3.3.0
2024-09-14 14:38:41,102 [INFO] ThirdParty:967 - CMSIS Pack Vendor :STMicroelectronics PDM2PCM 3.2.0
2024-09-14 14:38:41,102 [INFO] ThirdParty:967 - CMSIS Pack Vendor :wolfSSL I-CUBE-wolfSSH 1.4.17
2024-09-14 14:38:41,102 [INFO] ThirdParty:787 - exiting critical section [change project]
2024-09-14 14:38:41,387 [INFO] PinOutPanel:1463 - setPackage(No Configuration,No Configuration)
2024-09-14 14:38:41,387 [INFO] PinOutPanel:1463 - setPackage(STM32F103C6Ux,UFQFPN48)
2024-09-14 14:38:41,937 [INFO] UtilMem:74 - Before build in PCC Used Memory: 558102200 Bytes (689963008)
2024-09-14 14:38:42,790 [INFO] UtilMem:74 - After build in PCC Used Memory: 567682472 Bytes (689963008)
2024-09-14 14:38:42,822 [INFO] IPUIPlugin:74 - create IPUIPlugin
2024-09-14 14:38:42,822 [INFO] IPUIPlugin:74 - create IPUIPlugin
2024-09-14 14:38:42,822 [INFO] IPUIPlugin:74 - create IPUIPlugin
2024-09-14 14:38:42,822 [INFO] IPUIPlugin:74 - create IPUIPlugin
2024-09-14 14:38:42,822 [INFO] IPUIPlugin:74 - create IPUIPlugin
2024-09-14 14:38:42,822 [INFO] IPUIPlugin:74 - create IPUIPlugin
2024-09-14 14:38:42,822 [INFO] IPUIPlugin:74 - create IPUIPlugin
2024-09-14 14:38:42,822 [INFO] IPUIPlugin:74 - create IPUIPlugin
2024-09-14 14:38:42,822 [INFO] IPUIPlugin:74 - create IPUIPlugin
2024-09-14 14:38:42,822 [INFO] IPUIPlugin:74 - create IPUIPlugin
2024-09-14 14:38:42,822 [INFO] IPUIPlugin:74 - create IPUIPlugin
2024-09-14 14:38:42,822 [INFO] IPUIPlugin:74 - create IPUIPlugin
2024-09-14 14:38:42,822 [INFO] IPUIPlugin:74 - create IPUIPlugin
2024-09-14 14:38:42,822 [INFO] IPUIPlugin:74 - create IPUIPlugin
2024-09-14 14:38:42,822 [INFO] IPUIPlugin:74 - create IPUIPlugin
2024-09-14 14:38:42,822 [INFO] IPUIPlugin:74 - create IPUIPlugin
2024-09-14 14:38:42,822 [INFO] IPUIPlugin:74 - create IPUIPlugin
2024-09-14 14:38:42,822 [INFO] IPUIPlugin:74 - create IPUIPlugin
2024-09-14 14:38:42,822 [INFO] IPUIPlugin:74 - create IPUIPlugin
2024-09-14 14:38:42,822 [INFO] IPUIPlugin:74 - create IPUIPlugin
2024-09-14 14:38:42,822 [INFO] IPUIPlugin:74 - create IPUIPlugin
2024-09-14 14:38:42,822 [INFO] IPUIPlugin:74 - create IPUIPlugin
2024-09-14 14:38:42,822 [INFO] IPUIPlugin:74 - create IPUIPlugin
2024-09-14 14:38:42,995 [INFO] OpenFileManager:333 - Restore cursor
2024-09-14 14:38:43,390 [INFO] UtilMem:74 - End SaveConfig() Used Memory: 586381216 Bytes (689963008)
2024-09-14 14:38:43,454 [INFO] UtilMem:74 - End SaveConfig() Used Memory: 604228352 Bytes (689963008)
2024-09-14 14:38:43,959 [INFO] BlockDiagram:2740 - set Specific Code input for plugin: NVIC
2024-09-14 14:38:43,959 [INFO] BlockDiagram:2740 - set Specific Code input for plugin: SYS
2024-09-14 14:38:43,959 [INFO] BlockDiagram:2740 - set Specific Code input for plugin: RCC
2024-09-14 14:38:43,959 [INFO] CodeGenerator:663 - code generatio: config db path: C:\ST\STM32CubeIDE_1.7.0\STM32CubeIDE\plugins\com.st.stm32cube.common.mx_6.3.0.202107141111\\db\
2024-09-14 14:38:44,422 [INFO] CodeEngine:239 - oldGeneratedFile, E:\vxl 241\vxl241lap\led_animation\MXTmpFiles\license.tmp_save
2024-09-14 14:38:44,874 [INFO] CodeEngine:257 - Generated code: E:\vxl 241\vxl241lap\led_animation\MXTmpFiles\license.tmp
2024-09-14 14:38:45,064 [INFO] CodeEngine:239 - oldGeneratedFile, E:\vxl 241\vxl241lap\led_animation\Core\Src\stm32f1xx_it.c_save
2024-09-14 14:38:45,300 [INFO] CodeEngine:257 - Generated code: E:\vxl 241\vxl241lap\led_animation\Core\Src\stm32f1xx_it.c
2024-09-14 14:38:45,316 [INFO] CodeEngine:239 - oldGeneratedFile, E:\vxl 241\vxl241lap\led_animation\Core\Inc\stm32f1xx_it.h_save
2024-09-14 14:38:45,442 [INFO] CodeEngine:257 - Generated code: E:\vxl 241\vxl241lap\led_animation\Core\Inc\stm32f1xx_it.h
2024-09-14 14:38:45,474 [INFO] CodeEngine:239 - oldGeneratedFile, E:\vxl 241\vxl241lap\led_animation\Core\Src\stm32f1xx_hal_msp.c_save
2024-09-14 14:38:45,663 [INFO] CodeEngine:257 - Generated code: E:\vxl 241\vxl241lap\led_animation\Core\Src\stm32f1xx_hal_msp.c
2024-09-14 14:38:45,678 [INFO] CodeEngine:239 - oldGeneratedFile, E:\vxl 241\vxl241lap\led_animation\MXTmpFiles\system.tmp_save
2024-09-14 14:38:45,757 [INFO] CodeEngine:257 - Generated code: E:\vxl 241\vxl241lap\led_animation\MXTmpFiles\system.tmp
2024-09-14 14:38:45,773 [INFO] CodeEngine:239 - oldGeneratedFile, E:\vxl 241\vxl241lap\led_animation\Core\Inc\stm32f1xx_hal_conf.h_save
2024-09-14 14:38:45,900 [INFO] CodeEngine:257 - Generated code: E:\vxl 241\vxl241lap\led_animation\Core\Inc\stm32f1xx_hal_conf.h
2024-09-14 14:38:46,027 [INFO] CodeEngine:239 - oldGeneratedFile, E:\vxl 241\vxl241lap\led_animation\Core\Inc\main.h_save
2024-09-14 14:38:46,137 [INFO] CodeEngine:257 - Generated code: E:\vxl 241\vxl241lap\led_animation\Core\Inc\main.h
2024-09-14 14:38:46,153 [INFO] CodeEngine:239 - oldGeneratedFile, E:\vxl 241\vxl241lap\led_animation\Core\Src\main.c_save
2024-09-14 14:38:46,266 [INFO] CodeEngine:257 - Generated code: E:\vxl 241\vxl241lap\led_animation\Core\Src\main.c
2024-09-14 14:38:47,334 [INFO] ProjectBuilder:2578 - Time for Copy HAL[1] : 122mS.
2024-09-14 14:38:47,338 [INFO] ProjectBuilder:3622 - Project Generator version: 3.14.1
2024-09-14 14:38:47,954 [INFO] ConfigFileManager:1271 - The Die is : DIE412
2024-09-14 14:38:47,985 [INFO] ApiDbMcu:468 - Load IP Config File for FATFS
2024-09-14 14:38:48,032 [INFO] ApiDbMcu:468 - Load IP Config File for FREERTOS
2024-09-14 14:38:48,064 [INFO] ApiDbMcu:468 - Load IP Config File for USB_DEVICE
2024-09-14 14:38:55,065 [INFO] ProjectBuilder:3789 - Time for Generating toolchain IDE Files: 7727mS.
2024-09-14 14:38:55,065 [INFO] ProjectBuilder:2457 - Time for Copy CMSIS : 0mS.
2024-09-14 14:38:55,081 [INFO] ProjectBuilder:2457 - Time for Copy CMSIS : 0mS.
2024-09-14 14:38:56,032 [INFO] McuFinderGlobals:52 - Set McuFinderConnectedMode to true
2024-09-14 14:38:56,033 [INFO] ApiDb:276 - Save user favorites file C:\Users\xjkpr/.stm32cubeide/favorites.mcus.txt: 1 item(s)
2024-09-14 14:38:56,033 [INFO] ApiDb:280 - User favorites MCUs=[STM32F103C6Tx]
2024-09-14 14:41:14,944 [INFO] UtilMem:74 - End SaveConfig() Used Memory: 889999368 Bytes (1073741824)
2024-09-14 14:41:16,889 [INFO] UtilMem:74 - End SaveConfig() Used Memory: 931942408 Bytes (1073741824)
2024-09-14 14:41:19,441 [INFO] UtilMem:74 - End SaveConfig() Used Memory: 872274136 Bytes (1073741824)
2024-09-14 14:41:19,899 [INFO] BlockDiagram:2740 - set Specific Code input for plugin: NVIC
2024-09-14 14:41:19,899 [INFO] BlockDiagram:2740 - set Specific Code input for plugin: SYS
2024-09-14 14:41:19,899 [INFO] BlockDiagram:2740 - set Specific Code input for plugin: GPIO
2024-09-14 14:41:19,899 [INFO] BlockDiagram:2740 - set Specific Code input for plugin: RCC
2024-09-14 14:41:19,899 [INFO] CodeGenerator:663 - code generatio: config db path: C:\ST\STM32CubeIDE_1.7.0\STM32CubeIDE\plugins\com.st.stm32cube.common.mx_6.3.0.202107141111\\db\
2024-09-14 14:41:20,280 [INFO] CodeEngine:239 - oldGeneratedFile, E:\vxl 241\vxl241lap\led_animation\MXTmpFiles\license.tmp_save
2024-09-14 14:41:20,357 [INFO] CodeEngine:257 - Generated code: E:\vxl 241\vxl241lap\led_animation\MXTmpFiles\license.tmp
2024-09-14 14:41:20,420 [INFO] CodeEngine:239 - oldGeneratedFile, E:\vxl 241\vxl241lap\led_animation\MXTmpFiles\gpio.tmp_save
2024-09-14 14:41:20,514 [INFO] CodeEngine:257 - Generated code: E:\vxl 241\vxl241lap\led_animation\MXTmpFiles\gpio.tmp
2024-09-14 14:41:20,545 [INFO] CodeEngine:239 - oldGeneratedFile, E:\vxl 241\vxl241lap\led_animation\Core\Src\stm32f1xx_it.c_save
2024-09-14 14:41:20,703 [INFO] CodeEngine:257 - Generated code: E:\vxl 241\vxl241lap\led_animation\Core\Src\stm32f1xx_it.c
2024-09-14 14:41:20,715 [INFO] CodeEngine:239 - oldGeneratedFile, E:\vxl 241\vxl241lap\led_animation\Core\Inc\stm32f1xx_it.h_save
2024-09-14 14:41:20,800 [INFO] CodeEngine:257 - Generated code: E:\vxl 241\vxl241lap\led_animation\Core\Inc\stm32f1xx_it.h
2024-09-14 14:41:20,814 [INFO] CodeEngine:239 - oldGeneratedFile, E:\vxl 241\vxl241lap\led_animation\Core\Src\stm32f1xx_hal_msp.c_save
2024-09-14 14:41:20,924 [INFO] CodeEngine:257 - Generated code: E:\vxl 241\vxl241lap\led_animation\Core\Src\stm32f1xx_hal_msp.c
2024-09-14 14:41:20,924 [INFO] CodeEngine:239 - oldGeneratedFile, E:\vxl 241\vxl241lap\led_animation\MXTmpFiles\system.tmp_save
2024-09-14 14:41:20,987 [INFO] CodeEngine:257 - Generated code: E:\vxl 241\vxl241lap\led_animation\MXTmpFiles\system.tmp
2024-09-14 14:41:21,003 [INFO] CodeEngine:239 - oldGeneratedFile, E:\vxl 241\vxl241lap\led_animation\Core\Inc\stm32f1xx_hal_conf.h_save
2024-09-14 14:41:21,304 [INFO] CodeEngine:257 - Generated code: E:\vxl 241\vxl241lap\led_animation\Core\Inc\stm32f1xx_hal_conf.h
2024-09-14 14:41:21,366 [INFO] CodeEngine:239 - oldGeneratedFile, E:\vxl 241\vxl241lap\led_animation\Core\Inc\main.h_save
2024-09-14 14:41:21,462 [INFO] CodeEngine:257 - Generated code: E:\vxl 241\vxl241lap\led_animation\Core\Inc\main.h
2024-09-14 14:41:21,478 [INFO] CodeEngine:239 - oldGeneratedFile, E:\vxl 241\vxl241lap\led_animation\Core\Src\main.c_save
2024-09-14 14:41:21,652 [INFO] CodeEngine:257 - Generated code: E:\vxl 241\vxl241lap\led_animation\Core\Src\main.c
2024-09-14 14:41:22,983 [INFO] ProjectBuilder:2578 - Time for Copy HAL[1] : 100mS.
2024-09-14 14:41:22,983 [INFO] ProjectBuilder:3622 - Project Generator version: 3.14.1
2024-09-14 14:41:23,484 [INFO] ConfigFileManager:1271 - The Die is : DIE412
2024-09-14 14:41:26,278 [INFO] ProjectBuilder:3789 - Time for Generating toolchain IDE Files: 3295mS.
2024-09-14 14:41:26,278 [INFO] ProjectBuilder:2457 - Time for Copy CMSIS : 0mS.
2024-09-14 14:41:26,278 [INFO] ProjectBuilder:2457 - Time for Copy CMSIS : 0mS.
